<?xml version="1.0" encoding="UTF-8"?>
<!-- Generated by org.testng.reporters.JUnitReportReporter -->
<testsuite skipped="0" hostname="admin-PC" name="com.learnautomation.testcases.LoginTestHRM" tests="1" failures="0" timestamp="13 Mar 2019 11:36:48 GMT" time="13.794" errors="0">
  <testcase name="loginTestHrm" time="13.794" classname="com.learnautomation.testcases.LoginTestHRM"/>
</testsuite> <!-- com.learnautomation.testcases.LoginTestHRM -->
